<?xml version="1.0" encoding="UTF-8"?>
<testng-results ignored="0" total="3" passed="3" failed="0" skipped="0">
  <reporter-output>
  </reporter-output>
  <suite started-at="2022-11-14T22:13:14Z" name="myStoreV1" finished-at="2022-11-14T22:13:36Z" duration-ms="22669">
    <groups>
    </groups>
    <test started-at="2022-11-14T22:13:14Z" name="eCommerce Test" finished-at="2022-11-14T22:13:36Z" duration-ms="22669">
      <class name="com.mystore.testCases.TC_IndexTest_001">
        <test-method is-config="true" signature="setup(java.lang.String)[pri:0, instance:com.mystore.testCases.TC_IndexTest_001@163e4e87]" started-at="2022-11-14T22:13:14Z" name="setup" finished-at="2022-11-14T22:13:19Z" duration-ms="5415" status="PASS">
          <params>
            <param index="0">
              <value>
                <![CDATA[chrome]]>
              </value>
            </param>
          </params>
          <reporter-output>
          </reporter-output>
        </test-method> <!-- setup -->
        <test-method signature="indexTest()[pri:0, instance:com.mystore.testCases.TC_IndexTest_001@163e4e87]" started-at="2022-11-14T22:13:19Z" name="indexTest" finished-at="2022-11-14T22:13:20Z" duration-ms="887" status="PASS">
          <reporter-output>
          </reporter-output>
        </test-method> <!-- indexTest -->
        <test-method is-config="true" signature="tearDown()[pri:0, instance:com.mystore.testCases.TC_IndexTest_001@163e4e87]" started-at="2022-11-14T22:13:20Z" name="tearDown" finished-at="2022-11-14T22:13:21Z" duration-ms="224" status="PASS">
          <reporter-output>
          </reporter-output>
        </test-method> <!-- tearDown -->
      </class> <!-- com.mystore.testCases.TC_IndexTest_001 -->
      <class name="com.mystore.testCases.TC_LoginTest_001">
        <test-method is-config="true" signature="setup(java.lang.String)[pri:0, instance:com.mystore.testCases.TC_LoginTest_001@56de5251]" started-at="2022-11-14T22:13:21Z" name="setup" finished-at="2022-11-14T22:13:25Z" duration-ms="4572" status="PASS">
          <params>
            <param index="0">
              <value>
                <![CDATA[chrome]]>
              </value>
            </param>
          </params>
          <reporter-output>
          </reporter-output>
        </test-method> <!-- setup -->
        <test-method signature="loginTest(java.lang.String, java.lang.String)[pri:0, instance:com.mystore.testCases.TC_LoginTest_001@56de5251]" started-at="2022-11-14T22:13:26Z" name="loginTest" data-provider="LoginData" finished-at="2022-11-14T22:13:27Z" duration-ms="1544" status="PASS">
          <params>
            <param index="0">
              <value>
                <![CDATA[test_01@test.com]]>
              </value>
            </param>
            <param index="1">
              <value>
                <![CDATA[test123!]]>
              </value>
            </param>
          </params>
          <reporter-output>
          </reporter-output>
        </test-method> <!-- loginTest -->
        <test-method is-config="true" signature="tearDown()[pri:0, instance:com.mystore.testCases.TC_LoginTest_001@56de5251]" started-at="2022-11-14T22:13:27Z" name="tearDown" finished-at="2022-11-14T22:13:28Z" duration-ms="232" status="PASS">
          <reporter-output>
          </reporter-output>
        </test-method> <!-- tearDown -->
      </class> <!-- com.mystore.testCases.TC_LoginTest_001 -->
      <class name="com.mystore.testCases.TC_RegisterTest">
        <test-method is-config="true" signature="setup(java.lang.String)[pri:0, instance:com.mystore.testCases.TC_RegisterTest@419c5f1a]" started-at="2022-11-14T22:13:28Z" name="setup" finished-at="2022-11-14T22:13:32Z" duration-ms="4312" status="PASS">
          <params>
            <param index="0">
              <value>
                <![CDATA[chrome]]>
              </value>
            </param>
          </params>
          <reporter-output>
          </reporter-output>
        </test-method> <!-- setup -->
        <test-method signature="registerTest()[pri:0, instance:com.mystore.testCases.TC_RegisterTest@419c5f1a]" started-at="2022-11-14T22:13:32Z" name="registerTest" finished-at="2022-11-14T22:13:36Z" duration-ms="4253" status="PASS">
          <reporter-output>
          </reporter-output>
        </test-method> <!-- registerTest -->
        <test-method is-config="true" signature="tearDown()[pri:0, instance:com.mystore.testCases.TC_RegisterTest@419c5f1a]" started-at="2022-11-14T22:13:36Z" name="tearDown" finished-at="2022-11-14T22:13:36Z" duration-ms="273" status="PASS">
          <reporter-output>
          </reporter-output>
        </test-method> <!-- tearDown -->
      </class> <!-- com.mystore.testCases.TC_RegisterTest -->
    </test> <!-- eCommerce Test -->
  </suite> <!-- myStoreV1 -->
</testng-results>
